198664794608846232128
425106289030708929625
149597292837121400565
329719414436419786633
202683778539827190594
238231314412475239416
186278403387279808275
304662314751887021592
293936076526099592717
27084440815051265541
140730969491361146151
440999880773490052999
199746277007689129769
455638278593529324450
279445402695341848601
17166963934874393569
306486895844670888943
461431689285870280814
275421881808151607595
369905270113700597531
313424622996705297765
352378154681796089613
55860992658302500475
26732299035155963673
92169082749667956566
385862408535739061993
139328392568751998784
141695928064380614614
141625980528977251228
130749509375512657561
308609033545394755752
129086619886813329427
63799368316358085179
308446482281246891135
5745166104380573146
441596236860385612590
234663056011367559808
257892270135241974158
273921391409835793267
131386172667849798564
20403498166832734088
337931945503976868551
331620611228243005292
407944345705794486811
270398829236913111933
64901351544209117008
263233159813158689180
52624733737732571930
303891513997097472025
375354998722652016821
150246840681408052497
411966985291687462074
226772951271102713488
250006252437856616102
165322026632510654536
28852563564601048603
429653808385163121717
130279039133504558003
56808876154014127512
200934773201120851678
478791214524279357520
40439191846607340264
200985363803500736852
145217791692088968337
28539310049165637602
490240788007780025439
207643376723517985231
84710693366918109154
241047846289598938981
18077086510998918590
386991825788202642308
261416197455405820019
373575917146255257993
450290927072679146980
233217471396284136690
381220161285365714993
55088763094110950049
110262434581799532354
61549110383540758776
247593525329081391616
459793883563643233027
151625630817389535696
339911819353587348867
290272419008493488857
185469254558730441712
425429426988471021107
424376219951118244005
420100875097771486476
82690695804295556498
259535326532864148382
35331339230899864728
164322936498642132884
156787614753978040877
331937576414542138541
14310257535885439280
292213721895912574402
80986912242277660648
376275135259753640425
292260316504835753661
223395887657927828216
360254439351253766601
257613675872764283433
138663202470076621170
9150927867488143480
437097350021263055702
349556813247928497202
259225105911014008379
312871124418582801969
156021028357787974392
9364398408629296414
216631758205220319961
158300408091393260965
128614523168492744999
8172582395739838065
219686400068462859655
28920446663492002372
355249473563725999917
434236612729018995777
67719469761368664892
184278953939764683924
237752680101111027808
323437314636548177619
348137497052052367983
465209221385510212923
116837868949781423072
221561113673393683348
14891978317627514445
369211970058876952335
46420590188013319220
174475333001600817054
42577772592739311843
446150058144679273657
272540621294689033130
365049664548132307342
291443029537541034466
53446592519870804035
127733105495340260353
366921045361403482828
348301490680830633991
51445648513288369670
459684649928624483755
86558868641067938898
108600833555580698814
309902744815451565201
333435638572381201597
33822321003211137798
233526743666211237875
374322451874243505320
160183646202997468145
222011478516206134878
146914525069556985189
288438888280211141324
478374342461118313103
287357946384254133213
11266791349851937434
37989120264795078024
358829851093692117945
167704206276075652865
380617804480659811862
366013201706456942404
133338029562092973647
211672901375947545171
389236033577049596733
132466083720379081644
274768551271274886372
291791269884879229339
165542037276852023579
156990916097527501658
478779573332180835467
307165148500391745299
13233517278745605569
175776947589426970610
286527312769825571860
124634187828482886871
299386318783629171603
84343131148097490562
32267790856998595211
453411403417774484723
144217891840989505573
387914074942895058735
30311728962591866178
99233256505234175163
305555932778698600849
463766568096467256852
337670889523795171473
105218610411881387584
4909837848078235336
285237039168433310355
183246535649668445133
218697609289550687199
353570666094206802849
379536340663715337399
152111451947337285372
210272630603672607756
39243075617317768679
234209132765605708011
368094584375349086075
422356412606914345420
377003033027980687404
146389279908081341422
30736732134304787940
94433467511414450833
478046702089809811424
367315607774060680372
307790376377017164283
470141600207708518834
373149821489085842179
165255143733466158300
129698271600872945255
126256718627283109113
63678305222970561790
269055094829216823388
100638215119776178382
320148363767229296303
277721846156588114703
11611961100031825195
204326112921279045213
321731350782718429967
384250127253822736226
248643058484304618510
260203809313985648077
361253351189146058492
116320230235941368453
59155941725425931754
133910530961854629364
412527275201989938279
458709710302372695721
270585657698521919977
462640546919228092051
162204929676810678905
283992550002647627681
301605201050991397448
156517319715909507992
114231185361846665187
155984562498232816426
173421237053037570382
300879113440682164528
317113229484968959196
143828957996280787912
69748212489650957978
220955245501961845649
202499618655704235287
362377298988435954209
76325112068726034621
211857145966745040435
87512210235202157579
389990083651769211926
26010276986539315189
186489186983534050336
268907755713026434642
416608108796252429936
471422587405305071264
41433222108123584690
253382645861387836592
41331152621302433962
337737589343350262815
39666836832065817203
54057784741799290394
325787881343985410141
148653193438872836695
253069874060845422741
42755099639364084334
162904223409675909857
267070653869018561551
33593498738303469514
114430802948516366163
361733285204385229821
145526374070315453421
382184244593433169548
104056339908077963779
317169412119665928071
131124122475627181166
437214501544988368048
224522650076030530852
435554217368821678472
162377995968586203470
67024921534832849546
331854077795251921663
130081782406121010392
476937866636916043308
349210935068000125657
222268036226925109227
39531968372728810409
142900392881446954194
113278436795704960413
97901988169086302571
91719307222323007131
37335446491646877562
201075650238461387584
163136998481161410485
218032549062536569571
80441557903185815299
21602983366674954610
24539631310911834020
109503075634171245412
281567240032040137477
202922132150251057537
177852203251175876575
132400346585820808905
66392922511357155304
57923837977324216785
129312325209700795255
118638097069408264145
124906617049130302494
36518883622488435173
422857887311173760417
323714646405112546997
437649381826084318725
440329111738709193807
13297496561791706945
21845433408058442360
221678715586951741129
207514981956715270108
197249210007287154688
23179706470063306077
101778816540308694090
328997044806072702477
371198084324574343165
351827303686042658892
425807332205737146594
372880891777335978679
411337500359766138961
170197081537979408227
292535224704133952965
151526725192985353385
200132912193366210161
143810431866503974607
410394839103244283978
287797661731258231038
390822454846061767739
363772359422391189869
200027533600120301826
125547500690706607608
170113453494883352804
244155316764762918950
453885336602640984964
115587562108331484895
408445752381458442135
284913922284071869843
374714734816661992590
126097987931521380984
485939591273681932061
3580325616540439329
482390302565044843709
165514290367556866250
448784430150149865666
223836890044221119809
444840484661564334267
254487107563340725092
113539918468207807844
380011310289097694799
344628814260027807123
91056702974789644666
265560375362223552808
508404265259921311223
373454373064958471536
163366043428422897180
151601946257411531071
304667357909243425733
421691192326763211058
11663062544628072714
46289945457812504254
1790738826515892288
7223569739638166845
46480198935849667111
215290719235170282499
185937484025964169824
364610967734763505106
311386444695841158900
217022162147648997447
215522309457648320745
74420484117778572780
354638917065568181764
431309867017694331209
171730964566091305831
273377574250048727968
342329649734843270556
78681397601284538765
317652064023178300745
70725591172866403397
429770684158548999498
315239835680082690780
341747766474833504910
110366869242917424232
136732530165802730595
168330645959738758252
239478861145298908389
208554126161509417634
298819603475893071209
3453419486024552176
193892528148519120487
129692537536379810347
331373494295634116284
282436462819181355971
436082937696393055471
8942042141271063120
99828489465622804866
308587831810449420134
53590721922360493214
420910439907970005713
67689134960441932091
233264665040119298203
110143906246309840180
206512824402671020908
355757670829983372533
312221594947399178882
303096526410697536945
367401159118823483530
180025947538558226063
373643137436295431893
411984437564408803753
471895818968492673644
522525282655389867152
446961826217572766651
24611440067988099108
37796534504872092205
225236986049080622695
348744199538959225209
199414718210662538957
99096351023404974343
299041667833610770637
235100407138758384359
364769508970246028459
115301408500297411368
248844816067708359286
45325660545351594001
197311331851499496653
260205239759388328775
412851415299456247942
363444871530776131256
46244736093607094
185483131208129203106
1092161458712577252
246928297896667007036
162393138470133183011
328542426884660504639
79798573958520064287
14908356578267122445
393394341347581623085
121487430077180292887
162923531231171811256
491516986827640033970
255342815524622684452
398861959833931229831
118251505428975038999
224610979807815358132
54298557606789170999
391593320260971531517
427693998946543361139
397278550761614750071
269466612175129543760
288765436841778262985
461278937338220710741
416904170479130943974
296282293656475558901
267710476130575336510
252670187633793690115
123409087420001464194
248846440921686768981
20312185655401103119
260648122940745455651
324959291147929223573
295399228344462422378
254307343791584747355
187019517861968728617
339150213015339265088
333359981388791569770
56826061257437575244
53404605342028793031
4579640685361115068
149988874422150026787
366094390824671255910
113885729827536619101
149934312416380098785
313657900706404722877
358214002300244235151
442612664859115526200
437493450865534577441
468194671364813433287
281464290674626837783
314009867566245197402
3400908882835844748
383241839095431550467
262704822434024472259
146377716567478112456
6403693339718327217
189253354159527507612
244137169158359678876
39981933228095862626
364203437880216077675
371693154643228217226
265543334559860901870
29125494249828418392
37262363640812010295
131957188907254717179
419756240742678319018
8864406172116107032
221768743536796588063
402282867998261042328
139579866971375479894
