5669.959
5603.486
5538.952
5481.886
5596.378
5650.433
5489.737
5527.012
5511.523
5652.275
5532.617
5685.089
5720.096
5618.742
5541.115
5551.074
5508.928
5727.289
5594.808
5633.871
5598.146
5571.653
5667.547
5713.859
5682.098
5455.315
5532.801
5670.173
5695.417
5691.939
5516.348
5674.664
5614.005
5631.798
5726.205
5627.239
5497.076
5619.877
5572.766
5651.952
5514.433
5536.845
5632.769
5649.607
5682.106
5640.312
5654.195
5595.266
5734.792
5750.597
5624.743
5639.863
5738.988
5691.297
5710.660
5521.437
5694.297
5639.040
5587.665
5704.483
5688.007
5628.920
5549.532
5667.672
5521.384
5724.320
5486.211
5648.753
5739.183
5530.425
5721.647
5702.547
5748.085
5728.883
5696.507
5705.905
5574.592
5563.656
5716.152
5712.429
5610.452
5634.858
5551.304
5577.237
5560.284
5613.755
5515.661
5541.787
5687.792
5570.440
5699.012
5673.915
5581.168
5757.501
5501.113
5567.599
5568.244
5628.811
5526.996
5549.488
5549.458
5751.668
5613.002
5711.746
5763.929
5594.148
5516.297
5533.478
5521.744
5705.974
5690.689
5649.458
5621.421
5634.311
5587.506
5524.821
5761.657
5548.688
5616.335
5591.716
5577.401
5736.637
5590.244
5776.207
5641.230
5631.154
5587.877
5640.172
5738.620
5724.069
5536.366
5717.849
5452.260
5755.173
5480.121
5633.277
5576.558
5519.569
5684.456
5697.636
5444.346
5798.631
5695.198
5478.325
5527.363
5621.830
5703.950
5574.702
5478.679
5654.175
5508.346
5556.359
5647.701
5604.665
5565.599
5606.586
5563.768
5677.461
5776.512
5666.336
5744.756
5598.126
5740.005
5540.850
5682.782
5623.388
5669.771
5608.066
5747.977
5586.845
5682.738
5655.810
5757.921
5479.046
5444.768
5667.868
5696.613
5725.001
5647.150
5763.714
5513.128
5591.675
5531.170
5617.703
5711.111
5478.787
5691.352
5639.795
5698.654
5609.271
5707.374
5625.515
5608.390
5667.248
5709.166
5788.316
5701.943
5713.755
5632.346
5710.872
5693.789
5670.329
5643.404
5650.958
5750.904
5544.600
5728.265
5486.905
5660.830
5693.579
5602.528
5641.213
5517.506
5578.333
5576.969
5622.373
5694.224
5578.853
5516.588
5655.566
5466.678
5520.963
5605.617
5507.822
5684.880
5691.567
5699.347
5670.096
5690.587
5589.306
5741.718
5667.757
5694.508
5639.924
5522.657
5571.693
5628.757
5590.754
5577.302
5716.402
5481.395
5707.451
5607.838
5499.240
5454.964
5697.719
5684.188
5789.762
5643.887
5676.650
5645.528
5692.425
5736.740
5772.612
5753.017
5573.855
5503.084
5660.139
5559.409
5457.147
5692.154
5692.118
5735.997
5641.453
5731.249
5718.325
5745.397
5757.326
5501.675
5579.799
5682.719
5490.404
5630.574
5537.386
5785.981
5538.437
5761.614
5741.974
5512.792
5574.028
5763.683
5677.849
5754.072
5706.436
5736.933
5604.505
5518.423
5749.066
5687.764
5637.880
5608.464
5671.573
5552.226
5697.297
5537.786
5574.925
5661.351
5676.268
5758.006
5499.752
5815.155
5735.761
5585.514
5605.144
5738.923
5460.160
5465.202
5778.732
5567.596
5554.443
5717.265
5679.431
5579.283
5704.848
5724.360
5519.874
5565.062
5670.865
5640.701
5630.136
5604.589
5610.507
5668.411
5470.770
5753.378
5535.590
5524.901
5700.951
5491.505
5769.439
5736.649
5498.353
5572.604
5586.290
5710.474
5759.205
5632.487
5560.923
5651.134
5683.854
5668.347
5698.412
5571.486
5574.299
5661.864
5737.871
5561.319
5610.527
5583.203
5584.970
5702.809
5756.332
5618.965
5468.288
5516.803
5581.699
5506.312
5557.753
5607.965
5756.902
5581.755
5576.679
5490.755
5746.879
5741.297
5643.701
5697.153
5501.424
5737.591
5613.968
5764.053
5656.977
5529.050
5660.870
5582.747
5522.504
5525.224
5735.956
5775.593
5593.589
5600.488
5716.355
5560.447
5676.538
5694.993
5530.502
5545.003
5691.666
5729.737
5504.737
5616.162
5568.495
5438.872
5606.166
5699.338
5679.421
5562.423
5557.724
5483.992
5541.492
5576.307
5582.265
5617.767
5537.913
5602.455
5762.945
5531.330
5734.415
5767.189
5615.295
5533.849
5658.288
5589.191
5687.413
5621.366
5678.891
5729.627
5618.544
5621.494
5785.248
5492.346
5578.293
5588.886
5500.738
5537.038
5575.399
5657.331
5718.940
5649.466
5591.834
5485.081
5620.945
5520.207
5725.343
5569.741
5740.560
5526.506
5598.378
5657.499
5815.344
5753.000
5683.210
5718.047
5746.955
5748.418
5696.747
5647.473
5534.004
5687.737
5464.511
5652.302
5718.829
5745.765
5566.915
5625.913
5784.233
5680.669
5731.198
5575.323
5752.793
5696.176
5649.309
5723.292
5446.590
5733.411
5674.889
5581.924
5454.866
5626.466
5673.378
5683.916
5756.079
5472.115
5714.498
5544.839
5703.402
5631.777
5602.282
5724.779
5717.611
5488.388
5752.808
5543.919
5754.654
5740.762
5478.282
5616.804
5567.750
5524.905
5660.389
5633.495
5609.402
5603.810
5579.354
5494.015
5638.286
5481.025
5624.248
5652.276
5591.761
