-1
54875332
61427930
76777728
-1
14796020
28847380
5528102
63844214
13054364
-1
74648843
18980851
-1
26186427
887233
-1
-1
19357893
-1
64361351
-1
18370075
-1
-1
-1
-1
-1
12578600
-1
-1
7251187
17972453
860114
2215933
-1
43778789
-1
3899451
1056491
21014397
-1
-1
4438241
31471457
31601905
-1
29923541
10482389
-1
2153228
48873
41385529
47408965
2319667
11089014
-1
15122319
-1
4307801
-1
-1
-1
-1
-1
-1
9770647
-1
53762013
-1
-1
30279551
24482909
60174816
9687061
-1
-1
-1
8699707
-1
29935519
-1
-1
-1
14984617
14573842
619127
-1
-1
12847757
33134122
27780143
7619595
73056232
-1
19780693
-1
13274804
-1
17796297
-1
18641655
10488727
-1
15214289
39009153
-1
28523035
1985117
-1
-1
-1
13215959
8126085
-1
-1
-1
11798815
55925728
21806593
16289776
-1
29207736
67599798
1630055
-1
-1
11496697
23698483
-1
18912973
71010973
8476826
-1
39171811
15513150
5021075
-1
33066007
-1
5319193
14118181
-1
2614301
3010837
4256929
62985289
2455563
-1
-1
-1
-1
18520316
21771949
47099203
4791933
-1
58292726
-1
9110070
-1
55504890
-1
-1
56936060
10253906
-1
45272187
-1
25674684
-1
31510901
-1
-1
-1
23388918
3612117
47797957
68028139
29824321
47829485
-1
-1
23082186
32521403
-1
-1
7919533
25246749
20180839
-1
-1
1618181
8741006
68010657
-1
30269247
-1
-1
-1
-1
37860919
-1
41373375
-1
32628834
-1
-1
-1
-1
30385237
14877874
12277582
58563021
66587074
43131096
6739310
-1
-1
5975999
32032855
-1
-1
-1
87983699
29427995
-1
-1
-1
4936090
-1
-1
81320450
-1
-1
-1
1311501
-1
-1
-1
3142481
-1
68823753
34478998
42325660
378464
-1
-1
-1
36835610
50202779
35295475
10765948
19889171
9826982
516630
-1
31438497
-1
-1
-1
6886224
-1
30096677
-1
-1
45629395
32298099
-1
-1
209791
16720327
7317181
6308021
6426214
-1
-1
20674844
-1
21222808
5391861
59162017
-1
-1
-1
29035510
-1
59819386
-1
1302449
740749
21529583
32672726
24988226
16672006
63000527
36501476
-1
-1
72883627
2776663
18890962
9200390
-1
-1
1933658
6516380
70307347
32171493
-1
83243379
22120997
22658533
25630529
-1
-1
-1
-1
-1
-1
33737303
-1
23075165
-1
1068380
-1
-1
35212677
13497603
-1
-1
9297211
-1
-1
5414119
3753599
-1
-1
3757645
84257696
55772423
43233109
-1
-1
-1
4288309
29669605
-1
-1
12573516
36030799
31804681
14267403
-1
-1
5683101
-1
7762751
-1
20930104
21528415
-1
5412839
3157773
45002375
46525572
-1
27009557
57900103
-1
-1
13752155
57789613
26783290
25480738
39868001
-1
-1
51742875
27145395
-1
-1
28372121
-1
10498487
4774155
-1
9880001
-1
-1
10488591
1440664
50882573
-1
8607716
33776395
-1
-1
31525573
32710630
-1
-1
-1
2742125
9285591
-1
6659095
27833601
6218275
10822532
51917473
1245548
27580428
-1
2574523
-1
3909041
-1
-1
4807285
65471918
12279551
-1
55776395
39733975
8518933
3876552
28641688
-1
7054620
6894921
-1
11803544
37033233
1362433
-1
2066594
-1
30312153
-1
2292278
9519511
27691105
-1
56268935
58201458
-1
4624967
-1
11317693
-1
-1
19679461
1037300
-1
-1
13138539
-1
63527775
-1
-1
-1
-1
-1
-1
16293302
15724252
22110569
10182253
9421121
4098373
50773153
87326539
2811161
-1
13802197
35577712
-1
12185418
-1
65429689
-1
2205130
61603143
-1
28406700
19520197
29157563
33992993
-1
-1
16640583
-1
15889774
6062483
-1
-1
8379500
-1
5265243
