613116
66777
155543
226466
17715
976624
585600
667779
592140
30146
409891
945064
566983
1988
892747
378025
695240
1004184
210878
1027126
509362
1002544
316111
681609
865826
18242
611025
882429
373312
470619
818240
739469
989633
254467
150921
312237
419934
717784
566611
3569
594658
119157
65663
754070
345766
366194
947580
662503
464095
480539
680244
54987
614603
649096
956410
155447
680129
729348
365061
34822
127652
750464
672358
773322
7014
2987
394348
1045610
200991
557795
841320
701993
518969
351457
140113
370434
22530
643537
940109
188032
320657
981961
467619
988210
759682
790740
505012
381935
822752
460825
712606
420110
360402
958941
64848
958975
525438
934244
568989
116238
632337
631025
1041590
439580
547018
1023029
1417
714737
372940
978131
429310
984380
812395
193583
569526
614591
440466
137748
33760
857101
303666
447265
639071
463667
129098
511335
635009
862367
284263
146174
335182
684033
855943
59759
175910
628769
912578
112734
422395
892511
790459
835006
22317
925003
704243
929582
582393
743537
30389
50941
188528
659257
755154
216910
265259
222699
76869
874195
976015
348663
416865
690515
582307
243186
847824
724840
42279
940406
6702
36383
101649
245355
727148
471422
491910
878731
527177
783116
536314
896876
92860
134570
519040
179225
784828
230834
146605
828707
703584
360748
255829
925117
479705
322599
52052
891534
397187
522382
874012
531014
1023092
75089
705562
714610
43658
1010449
209770
94743
19801
826859
436641
708414
153670
657555
222590
671203
864120
735006
340413
1042472
968851
443712
720061
129556
793156
434361
1042355
457803
942997
242022
16960
732919
535765
572109
602668
958485
592232
951498
785167
669310
492042
56137
777823
914958
211989
545180
934259
725902
78324
1027921
58638
304393
454291
171621
194804
876187
900664
348887
782155
286019
276371
236381
252892
500916
510810
255741
866602
905459
731596
408966
688574
165151
536640
470812
755227
445029
602016
492362
535314
277392
525079
807446
420132
164555
945321
795585
137676
383825
438983
87320
811446
421807
215879
743213
908152
346831
233960
796405
799354
55814
85715
549143
284291
691493
55410
592725
703874
765424
762508
417787
1038556
40201
793793
390256
929812
799121
27145
520010
468919
683492
569596
90294
514859
390495
559103
291656
949988
877380
184891
7678
646452
451310
736635
21747
477432
663201
242459
681313
266384
475490
726477
829832
535338
896844
778738
416172
835063
225006
218151
72312
53115
539503
696995
900204
504554
220034
946746
845896
371459
459581
534238
759733
162086
857429
158472
853607
617947
821259
744409
142635
529818
506166
681604
774859
336943
161983
291351
238467
1032124
171889
648669
588376
314279
565741
258442
598899
769828
976379
489954
262433
300799
143440
659572
924655
493098
885154
97230
946128
60381
882686
239880
1030002
927756
473412
46045
329677
598774
696587
396185
684876
123532
281383
303620
824164
7846
884962
740237
971099
152559
416371
466126
318123
415381
572178
705269
350027
574
348970
754548
784654
481530
13971
876080
467534
1024785
110356
245280
255019
347905
238239
259554
505455
985429
555276
252924
73916
685534
673424
491230
964465
710989
655759
764532
867195
232188
775128
264003
744345
131703
111845
121717
943435
169064
474981
691263
756105
938823
601647
385343
711117
34821
782332
868722
493293
768313
347435
897958
73628
32538
152906
225601
524431
104969
539294
704449
680701
641337
97443
423461
929780
151329
308870
728491
884637
365517
653054
417767
58570
785990
470449
